#
# A fatal error has been detected by the Java Runtime Environment:
#
#  SIGSEGV (0xb) at pc=0x0000000112a4ecd4, pid=64512, tid=0x0000000000005507
#
# JRE version: Java(TM) SE Runtime Environment (8.0_251-b08) (build 1.8.0_251-b08)
# Java VM: Java HotSpot(TM) 64-Bit Server VM (25.251-b08 mixed mode bsd-amd64 compressed oops)
# Problematic frame:
# C  [libtesseract.4.dylib+0x151cd4]  STRING::string() const+0x4
#
# Failed to write core dump. Core dumps have been disabled. To enable core dumping, try "ulimit -c unlimited" before starting Java again
#
# If you would like to submit a bug report, please visit:
#   http://bugreport.java.com/bugreport/crash.jsp
# The crash happened outside the Java Virtual Machine in native code.
# See problematic frame for where to report the bug.
#

---------------  T H R E A D  ---------------

Current thread (0x00007fa08919b800):  JavaThread "http-nio-8080-exec-1" daemon [_thread_in_native, id=21767, stack(0x000070000466f000,0x000070000476f000)]

siginfo: si_signo: 11 (SIGSEGV), si_code: 1 (SEGV_MAPERR), si_addr: 0x0000000000000000

Registers:
RAX=0x000070000476aa01, RBX=0x00007fa08ba53000, RCX=0x0000000000000000, RDX=0xffffffffffffffe0
RSP=0x000070000476aa40, RBP=0x000070000476aa40, RSI=0x0000000000000000, RDI=0x0000000000000000
R8 =0x0000000000000168, R9 =0x00000000000005a0, R10=0x0000000000000003, R11=0x0000000000000007
R12=0x00007fa0856e8660, R13=0x00000001128f4464, R14=0x0000000000000000, R15=0x00007fa0856e8660
RIP=0x0000000112a4ecd4, EFLAGS=0x0000000000010202, ERR=0x0000000000000004
  TRAPNO=0x000000000000000e

Top of Stack: (sp=0x000070000476aa40)
0x000070000476aa40:   000070000476b550 00000001129042e4
0x000070000476aa50:   000070000476aa60 000000011407bd61
0x000070000476aa60:   000070000476aea0 0000000114613614
0x000070000476aa70:   0000000000000000 0000000000000000
0x000070000476aa80:   0000000000000000 0000000000000000
0x000070000476aa90:   0000000000000000 0000000000000000
0x000070000476aaa0:   0000000000000000 0000000000000000
0x000070000476aab0:   0000000000000000 0000000000000000
0x000070000476aac0:   0000000000000000 0000000000000000
0x000070000476aad0:   0000000000000000 0000000000000000
0x000070000476aae0:   0000000000000000 0000000000000000
0x000070000476aaf0:   0000000000000000 0000000000000000
0x000070000476ab00:   0000000000000000 0000000000000000
0x000070000476ab10:   0000000000000000 0000000000000000
0x000070000476ab20:   0000000000000000 0000000000000000
0x000070000476ab30:   0000000000000000 0000000000000000
0x000070000476ab40:   0000000000000000 0000000000000000
0x000070000476ab50:   0000000000000000 0000000000000000
0x000070000476ab60:   0000000000000000 0000000000000000
0x000070000476ab70:   0000000000000000 0000000000000000
0x000070000476ab80:   0000000000000000 0000000000000000
0x000070000476ab90:   0000000000000000 0000000000000000
0x000070000476aba0:   0000000000000000 0000000000000000
0x000070000476abb0:   0000000000000000 0000000000000000
0x000070000476abc0:   0000000000000000 0000000000000000
0x000070000476abd0:   0000000000000000 0000000000000000
0x000070000476abe0:   0000000000000000 0000000000000000
0x000070000476abf0:   0000000000000000 0000000000000000
0x000070000476ac00:   0000000000000000 0000000000000000
0x000070000476ac10:   0000000000000000 0000000000000000
0x000070000476ac20:   0000000000000000 0000000000000000
0x000070000476ac30:   0000000000000000 0000000000000000 

Instructions: (pc=0x0000000112a4ecd4)
0x0000000112a4ecb4:   e5 40 0f be f6 48 8b 3f 48 83 c7 08 e8 d1 1f 01
0x0000000112a4ecc4:   00 48 85 c0 0f 95 c0 5d c3 31 c0 c3 55 48 89 e5
0x0000000112a4ecd4:   48 8b 07 48 85 c0 74 13 83 78 04 00 74 0d c7 40
0x0000000112a4ece4:   04 ff ff ff ff 48 83 c0 08 eb 02 31 c0 5d c3 90 

Register to memory mapping:

RAX=0x000070000476aa01 is pointing into the stack for thread: 0x00007fa08919b800
RBX=0x00007fa08ba53000 is an unknown value
RCX=0x0000000000000000 is an unknown value
RDX=0xffffffffffffffe0 is an unknown value
RSP=0x000070000476aa40 is pointing into the stack for thread: 0x00007fa08919b800
RBP=0x000070000476aa40 is pointing into the stack for thread: 0x00007fa08919b800
RSI=0x0000000000000000 is an unknown value
RDI=0x0000000000000000 is an unknown value
R8 =0x0000000000000168 is an unknown value
R9 =0x00000000000005a0 is an unknown value
R10=0x0000000000000003 is an unknown value
R11=0x0000000000000007 is an unknown value
R12=0x00007fa0856e8660 is an unknown value
R13=0x00000001128f4464: ffi_call+0x414 in /Users/domingos.fernando/Library/Caches/JNA/temp/jna9174356414817863132.tmp at 0x00000001128e7000
R14=0x0000000000000000 is an unknown value
R15=0x00007fa0856e8660 is an unknown value


Stack: [0x000070000466f000,0x000070000476f000],  sp=0x000070000476aa40,  free space=1006k
Native frames: (J=compiled Java code, j=interpreted, Vv=VM code, C=native code)
C  [libtesseract.4.dylib+0x151cd4]  STRING::string() const+0x4
C  [libtesseract.4.dylib+0x72e4]  tesseract::TessBaseAPI::FindLines()+0x166
C  [libtesseract.4.dylib+0x759f]  tesseract::TessBaseAPI::Recognize(ETEXT_DESC*)+0x29
C  [libtesseract.4.dylib+0x6881]  tesseract::TessBaseAPI::GetUTF8Text()+0x2b
C  [jna9174356414817863132.tmp+0xde74]  ffi_call_unix64+0x4c
C  0x000070000476c008

Java frames: (J=compiled Java code, j=interpreted, Vv=VM code)
j  com.sun.jna.Native.invokePointer(Lcom/sun/jna/Function;JI[Ljava/lang/Object;)J+0
j  com.sun.jna.Function.invokePointer(I[Ljava/lang/Object;)Lcom/sun/jna/Pointer;+7
j  com.sun.jna.Function.invoke([Ljava/lang/Object;Ljava/lang/Class;ZI)Ljava/lang/Object;+385
j  com.sun.jna.Function.invoke(Ljava/lang/reflect/Method;[Ljava/lang/Class;Ljava/lang/Class;[Ljava/lang/Object;Ljava/util/Map;)Ljava/lang/Object;+271
j  com.sun.jna.Library$Handler.invoke(Ljava/lang/Object;Ljava/lang/reflect/Method;[Ljava/lang/Object;)Ljava/lang/Object;+390
j  com.sun.proxy.$Proxy91.TessBaseAPIGetUTF8Text(Lnet/sourceforge/tess4j/ITessAPI$TessBaseAPI;)Lcom/sun/jna/Pointer;+16
j  net.sourceforge.tess4j.Tesseract.getOCRText(Ljava/lang/String;I)Ljava/lang/String;+269
j  net.sourceforge.tess4j.Tesseract.doOCR(Ljavax/imageio/IIOImage;Ljava/lang/String;Ljava/awt/Rectangle;I)Ljava/lang/String;+18
j  net.sourceforge.tess4j.Tesseract.doOCR(Ljava/io/File;Ljava/awt/Rectangle;)Ljava/lang/String;+126
j  net.sourceforge.tess4j.Tesseract.doOCR(Ljava/io/File;)Ljava/lang/String;+3
j  dev.unbracket.dmf.utors.ocr.OCRRestService.extractFileContentAsText(Lorg/springframework/web/multipart/MultipartFile;)Ljava/lang/String;+102
j  dev.unbracket.dmf.utors.ocr.OCRRestController.save(Lorg/springframework/web/multipart/MultipartFile;Ljava/lang/String;)Lorg/springframework/http/ResponseEntity;+5
v  ~StubRoutines::call_stub
J 1860  sun.reflect.NativeMethodAccessorImpl.invoke0(Ljava/lang/reflect/Method;Ljava/lang/Object;[Ljava/lang/Object;)Ljava/lang/Object; (0 bytes) @ 0x00000001143666b7 [0x0000000114366640+0x77]
J 1859 C1 sun.reflect.NativeMethodAccessorImpl.invoke(Ljava/lang/Object;[Ljava/lang/Object;)Ljava/lang/Object; (104 bytes) @ 0x0000000114366e0c [0x0000000114366a60+0x3ac]
J 1748 C1 sun.reflect.DelegatingMethodAccessorImpl.invoke(Ljava/lang/Object;[Ljava/lang/Object;)Ljava/lang/Object; (10 bytes) @ 0x0000000114324544 [0x0000000114324500+0x44]
J 1747 C1 java.lang.reflect.Method.invoke(Ljava/lang/Object;[Ljava/lang/Object;)Ljava/lang/Object; (62 bytes) @ 0x0000000114324124 [0x0000000114324020+0x104]
j  org.springframework.web.method.support.InvocableHandlerMethod.doInvoke([Ljava/lang/Object;)Ljava/lang/Object;+28
j  org.springframework.web.method.support.InvocableHandlerMethod.invokeForRequest(Lorg/springframework/web/context/request/NativeWebRequest;Lorg/springframework/web/method/support/ModelAndViewContainer;[Ljava/lang/Object;)Ljava/lang/Object;+54
j  org.springframework.web.servlet.mvc.method.annotation.ServletInvocableHandlerMethod.invokeAndHandle(Lorg/springframework/web/context/request/ServletWebRequest;Lorg/springframework/web/method/support/ModelAndViewContainer;[Ljava/lang/Object;)V+4
j  org.springframework.web.servlet.mvc.method.annotation.RequestMappingHandlerAdapter.invokeHandlerMethod(Ljavax/servlet/http/HttpServletRequest;Ljavax/servlet/http/HttpServletResponse;Lorg/springframework/web/method/HandlerMethod;)Lorg/springframework/web/servlet/ModelAndView;+244
j  org.springframework.web.servlet.mvc.method.annotation.RequestMappingHandlerAdapter.handleInternal(Ljavax/servlet/http/HttpServletRequest;Ljavax/servlet/http/HttpServletResponse;Lorg/springframework/web/method/HandlerMethod;)Lorg/springframework/web/servlet/ModelAndView;+81
j  org.springframework.web.servlet.mvc.method.AbstractHandlerMethodAdapter.handle(Ljavax/servlet/http/HttpServletRequest;Ljavax/servlet/http/HttpServletResponse;Ljava/lang/Object;)Lorg/springframework/web/servlet/ModelAndView;+7
j  org.springframework.web.servlet.DispatcherServlet.doDispatch(Ljavax/servlet/http/HttpServletRequest;Ljavax/servlet/http/HttpServletResponse;)V+259
j  org.springframework.web.servlet.DispatcherServlet.doService(Ljavax/servlet/http/HttpServletRequest;Ljavax/servlet/http/HttpServletResponse;)V+241
j  org.springframework.web.servlet.FrameworkServlet.processRequest(Ljavax/servlet/http/HttpServletRequest;Ljavax/servlet/http/HttpServletResponse;)V+71
j  org.springframework.web.servlet.FrameworkServlet.doPost(Ljavax/servlet/http/HttpServletRequest;Ljavax/servlet/http/HttpServletResponse;)V+3
j  javax.servlet.http.HttpServlet.service(Ljavax/servlet/http/HttpServletRequest;Ljavax/servlet/http/HttpServletResponse;)V+149
j  org.springframework.web.servlet.FrameworkServlet.service(Ljavax/servlet/http/HttpServletRequest;Ljavax/servlet/http/HttpServletResponse;)V+33
j  javax.servlet.http.HttpServlet.service(Ljavax/servlet/ServletRequest;Ljavax/servlet/ServletResponse;)V+36
j  org.apache.catalina.core.ApplicationFilterChain.internalDoFilter(Ljavax/servlet/ServletRequest;Ljavax/servlet/ServletResponse;)V+304
j  org.apache.catalina.core.ApplicationFilterChain.doFilter(Ljavax/servlet/ServletRequest;Ljavax/servlet/ServletResponse;)V+99
j  org.apache.tomcat.websocket.server.WsFilter.doFilter(Ljavax/servlet/ServletRequest;Ljavax/servlet/ServletResponse;Ljavax/servlet/FilterChain;)V+21
j  org.apache.catalina.core.ApplicationFilterChain.internalDoFilter(Ljavax/servlet/ServletRequest;Ljavax/servlet/ServletResponse;)V+135
j  org.apache.catalina.core.ApplicationFilterChain.doFilter(Ljavax/servlet/ServletRequest;Ljavax/servlet/ServletResponse;)V+99
j  org.springframework.web.filter.RequestContextFilter.doFilterInternal(Ljavax/servlet/http/HttpServletRequest;Ljavax/servlet/http/HttpServletResponse;Ljavax/servlet/FilterChain;)V+21
j  org.springframework.web.filter.OncePerRequestFilter.doFilter(Ljavax/servlet/ServletRequest;Ljavax/servlet/ServletResponse;Ljavax/servlet/FilterChain;)V+147
j  org.apache.catalina.core.ApplicationFilterChain.internalDoFilter(Ljavax/servlet/ServletRequest;Ljavax/servlet/ServletResponse;)V+135
j  org.apache.catalina.core.ApplicationFilterChain.doFilter(Ljavax/servlet/ServletRequest;Ljavax/servlet/ServletResponse;)V+99
j  org.springframework.web.filter.FormContentFilter.doFilterInternal(Ljavax/servlet/http/HttpServletRequest;Ljavax/servlet/http/HttpServletResponse;Ljavax/servlet/FilterChain;)V+38
j  org.springframework.web.filter.OncePerRequestFilter.doFilter(Ljavax/servlet/ServletRequest;Ljavax/servlet/ServletResponse;Ljavax/servlet/FilterChain;)V+147
j  org.apache.catalina.core.ApplicationFilterChain.internalDoFilter(Ljavax/servlet/ServletRequest;Ljavax/servlet/ServletResponse;)V+135
j  org.apache.catalina.core.ApplicationFilterChain.doFilter(Ljavax/servlet/ServletRequest;Ljavax/servlet/ServletResponse;)V+99
j  org.springframework.web.filter.CharacterEncodingFilter.doFilterInternal(Ljavax/servlet/http/HttpServletRequest;Ljavax/servlet/http/HttpServletResponse;Ljavax/servlet/FilterChain;)V+53
j  org.springframework.web.filter.OncePerRequestFilter.doFilter(Ljavax/servlet/ServletRequest;Ljavax/servlet/ServletResponse;Ljavax/servlet/FilterChain;)V+147
j  org.apache.catalina.core.ApplicationFilterChain.internalDoFilter(Ljavax/servlet/ServletRequest;Ljavax/servlet/ServletResponse;)V+135
j  org.apache.catalina.core.ApplicationFilterChain.doFilter(Ljavax/servlet/ServletRequest;Ljavax/servlet/ServletResponse;)V+99
j  org.apache.catalina.core.StandardWrapperValve.invoke(Lorg/apache/catalina/connector/Request;Lorg/apache/catalina/connector/Response;)V+694
j  org.apache.catalina.core.StandardContextValve.invoke(Lorg/apache/catalina/connector/Request;Lorg/apache/catalina/connector/Response;)V+169
j  org.apache.catalina.authenticator.AuthenticatorBase.invoke(Lorg/apache/catalina/connector/Request;Lorg/apache/catalina/connector/Response;)V+260
j  org.apache.catalina.core.StandardHostValve.invoke(Lorg/apache/catalina/connector/Request;Lorg/apache/catalina/connector/Response;)V+128
j  org.apache.catalina.valves.ErrorReportValve.invoke(Lorg/apache/catalina/connector/Request;Lorg/apache/catalina/connector/Response;)V+6
j  org.apache.catalina.core.StandardEngineValve.invoke(Lorg/apache/catalina/connector/Request;Lorg/apache/catalina/connector/Response;)V+59
j  org.apache.catalina.connector.CoyoteAdapter.service(Lorg/apache/coyote/Request;Lorg/apache/coyote/Response;)V+199
j  org.apache.coyote.http11.Http11Processor.service(Lorg/apache/tomcat/util/net/SocketWrapperBase;)Lorg/apache/tomcat/util/net/AbstractEndpoint$Handler$SocketState;+737
j  org.apache.coyote.AbstractProcessorLight.process(Lorg/apache/tomcat/util/net/SocketWrapperBase;Lorg/apache/tomcat/util/net/SocketEvent;)Lorg/apache/tomcat/util/net/AbstractEndpoint$Handler$SocketState;+170
j  org.apache.coyote.AbstractProtocol$ConnectionHandler.process(Lorg/apache/tomcat/util/net/SocketWrapperBase;Lorg/apache/tomcat/util/net/SocketEvent;)Lorg/apache/tomcat/util/net/AbstractEndpoint$Handler$SocketState;+505
j  org.apache.tomcat.util.net.NioEndpoint$SocketProcessor.doRun()V+216
j  org.apache.tomcat.util.net.SocketProcessorBase.run()V+21
j  org.apache.tomcat.util.threads.ThreadPoolExecutor.runWorker(Lorg/apache/tomcat/util/threads/ThreadPoolExecutor$Worker;)V+92
j  org.apache.tomcat.util.threads.ThreadPoolExecutor$Worker.run()V+5
j  org.apache.tomcat.util.threads.TaskThread$WrappingRunnable.run()V+4
j  java.lang.Thread.run()V+11
v  ~StubRoutines::call_stub

---------------  P R O C E S S  ---------------

Java Threads: ( => current thread )
  0x00007fa087038800 JavaThread "Java2D Disposer" daemon [_thread_blocked, id=27143, stack(0x00007000057a2000,0x00007000058a2000)]
  0x00007fa089190000 JavaThread "AWT-AppKit" daemon [_thread_in_native, id=259, stack(0x00007ffee7bb2000,0x00007ffee83b2000)]
  0x00007fa0898c7800 JavaThread "http-nio-8080-exec-10" daemon [_thread_blocked, id=39683, stack(0x000070000569f000,0x000070000579f000)]
  0x00007fa087830800 JavaThread "http-nio-8080-exec-9" daemon [_thread_blocked, id=25859, stack(0x000070000559c000,0x000070000569c000)]
  0x00007fa08918f000 JavaThread "http-nio-8080-exec-8" daemon [_thread_blocked, id=40451, stack(0x0000700005499000,0x0000700005599000)]
  0x00007fa08812c800 JavaThread "http-nio-8080-exec-7" daemon [_thread_blocked, id=40963, stack(0x0000700005396000,0x0000700005496000)]
  0x00007fa0899ea000 JavaThread "http-nio-8080-exec-6" daemon [_thread_blocked, id=41475, stack(0x0000700005293000,0x0000700005393000)]
  0x00007fa088034000 JavaThread "http-nio-8080-exec-5" daemon [_thread_blocked, id=25603, stack(0x0000700005190000,0x0000700005290000)]
  0x00007fa08812b800 JavaThread "http-nio-8080-exec-4" daemon [_thread_blocked, id=41987, stack(0x000070000508d000,0x000070000518d000)]
  0x00007fa088922000 JavaThread "http-nio-8080-exec-3" daemon [_thread_blocked, id=22535, stack(0x0000700004f8a000,0x000070000508a000)]
  0x00007fa0881b8000 JavaThread "http-nio-8080-exec-2" daemon [_thread_blocked, id=43271, stack(0x0000700004772000,0x0000700004872000)]
=>0x00007fa08919b800 JavaThread "http-nio-8080-exec-1" daemon [_thread_in_native, id=21767, stack(0x000070000466f000,0x000070000476f000)]
  0x00007fa08891f000 JavaThread "DestroyJavaVM" [_thread_blocked, id=2819, stack(0x0000700003230000,0x0000700003330000)]
  0x00007fa089a1e000 JavaThread "http-nio-8080-Acceptor" daemon [_thread_in_native, id=24835, stack(0x0000700004e87000,0x0000700004f87000)]
  0x00007fa089108800 JavaThread "http-nio-8080-Poller" daemon [_thread_in_native, id=24579, stack(0x0000700004d84000,0x0000700004e84000)]
  0x00007fa089109800 JavaThread "Live Reload Server" daemon [_thread_in_native, id=24071, stack(0x0000700004c81000,0x0000700004d81000)]
  0x00007fa0858a0800 JavaThread "File Watcher" daemon [_thread_blocked, id=14347, stack(0x0000700004b7e000,0x0000700004c7e000)]
  0x00007fa08696a800 JavaThread "container-0" [_thread_blocked, id=23555, stack(0x0000700004a7b000,0x0000700004b7b000)]
  0x00007fa085842000 JavaThread "Catalina-utility-2" [_thread_blocked, id=23043, stack(0x0000700004978000,0x0000700004a78000)]
  0x00007fa0899f6000 JavaThread "Catalina-utility-1" [_thread_blocked, id=22795, stack(0x0000700004875000,0x0000700004975000)]
  0x00007fa086819800 JavaThread "Service Thread" daemon [_thread_blocked, id=17923, stack(0x0000700004469000,0x0000700004569000)]
  0x00007fa088818800 JavaThread "C1 CompilerThread3" daemon [_thread_blocked, id=16899, stack(0x0000700004366000,0x0000700004466000)]
  0x00007fa08701a000 JavaThread "C2 CompilerThread2" daemon [_thread_blocked, id=16387, stack(0x0000700004263000,0x0000700004363000)]
  0x00007fa08984d000 JavaThread "C2 CompilerThread1" daemon [_thread_blocked, id=16131, stack(0x0000700004160000,0x0000700004260000)]
  0x00007fa088817800 JavaThread "C2 CompilerThread0" daemon [_thread_blocked, id=15619, stack(0x000070000405d000,0x000070000415d000)]
  0x00007fa086824000 JavaThread "Signal Dispatcher" daemon [_thread_blocked, id=15107, stack(0x0000700003f5a000,0x000070000405a000)]
  0x00007fa08580b000 JavaThread "Finalizer" daemon [_thread_blocked, id=13059, stack(0x0000700003d51000,0x0000700003e51000)]
  0x00007fa08781d000 JavaThread "Reference Handler" daemon [_thread_blocked, id=20483, stack(0x0000700003c4e000,0x0000700003d4e000)]

Other Threads:
  0x00007fa08781c800 VMThread [stack: 0x0000700003b4b000,0x0000700003c4b000] [id=20995]
  0x00007fa088029800 WatcherThread [stack: 0x000070000456c000,0x000070000466c000] [id=17667]

VM state:not at safepoint (normal execution)

VM Mutex/Monitor currently owned by a thread: None

heap address: 0x00000006c0000000, size: 4096 MB, Compressed Oops mode: Zero based, Oop shift amount: 3
Narrow klass base: 0x0000000000000000, Narrow klass shift: 3
Compressed class space size: 1073741824 Address: 0x00000007c0000000

Heap:
 PSYoungGen      total 179200K, used 15257K [0x000000076ab00000, 0x0000000778a80000, 0x00000007c0000000)
  eden space 164352K, 9% used [0x000000076ab00000,0x000000076b9e65f0,0x0000000774b80000)
  from space 14848K, 0% used [0x0000000775c80000,0x0000000775c80000,0x0000000776b00000)
  to   space 17408K, 0% used [0x0000000774b80000,0x0000000774b80000,0x0000000775c80000)
 ParOldGen       total 144896K, used 20035K [0x00000006c0000000, 0x00000006c8d80000, 0x000000076ab00000)
  object space 144896K, 13% used [0x00000006c0000000,0x00000006c1390c18,0x00000006c8d80000)
 Metaspace       used 33795K, capacity 36484K, committed 36608K, reserved 1081344K
  class space    used 4567K, capacity 5049K, committed 5120K, reserved 1048576K

Card table byte_map: [0x000000010cfbe000,0x000000010d7bf000] byte_map_base: 0x00000001099be000

Marking Bits: (ParMarkBitMap*) 0x000000010c900f60
 Begin Bits: [0x0000000122f7e000, 0x0000000126f7e000)
 End Bits:   [0x0000000126f7e000, 0x000000012af7e000)

Polling page: 0x00000001078c7000

CodeCache: size=245760Kb used=6849Kb max_used=6900Kb free=238910Kb
 bounds [0x0000000113f7e000, 0x000000011463e000, 0x0000000122f7e000]
 total_blobs=3996 nmethods=3539 adapters=370
 compilation: enabled

Compilation events (10 events):
Event: 320.661 Thread 0x00007fa088818800 3657       1       sun.awt.image.ByteInterleavedRaster::setRect (187 bytes)
Event: 320.662 Thread 0x00007fa088818800 nmethod 3657 0x000000011416cf50 code [0x000000011416d0c0, 0x000000011416d2f8]
Event: 320.662 Thread 0x00007fa088818800 3659       1       sun.awt.image.ByteInterleavedRaster::getDataElements (18 bytes)
Event: 320.662 Thread 0x00007fa088818800 nmethod 3659 0x0000000114473990 code [0x0000000114473b00, 0x0000000114473c68]
Event: 320.662 Thread 0x00007fa088818800 3660       1       sun.awt.image.ByteInterleavedRaster::getByteData (851 bytes)
Event: 320.664 Thread 0x00007fa088818800 nmethod 3660 0x000000011458e050 code [0x000000011458e2a0, 0x000000011458f168]
Event: 320.664 Thread 0x00007fa088818800 3661       1       javax.imageio.ImageReader::processImageUpdate (73 bytes)
Event: 320.665 Thread 0x00007fa088818800 nmethod 3661 0x000000011416c910 code [0x000000011416caa0, 0x000000011416cd68]
Event: 320.667 Thread 0x00007fa088818800 3662       1       sun.awt.image.ByteInterleavedRaster::setDataElements (18 bytes)
Event: 320.667 Thread 0x00007fa088818800 nmethod 3662 0x000000011458dc90 code [0x000000011458de00, 0x000000011458df68]

GC Heap History (10 events):
Event: 3.841 GC heap before
{Heap before GC invocations=4 (full 1):
 PSYoungGen      total 76288K, used 8138K [0x000000076ab00000, 0x0000000774000000, 0x00000007c0000000)
  eden space 65536K, 0% used [0x000000076ab00000,0x000000076ab00000,0x000000076eb00000)
  from space 10752K, 75% used [0x000000076eb00000,0x000000076f2f28c0,0x000000076f580000)
  to   space 10752K, 0% used [0x0000000773580000,0x0000000773580000,0x0000000774000000)
 ParOldGen       total 175104K, used 747K [0x00000006c0000000, 0x00000006cab00000, 0x000000076ab00000)
  object space 175104K, 0% used [0x00000006c0000000,0x00000006c00badb0,0x00000006cab00000)
 Metaspace       used 20136K, capacity 21268K, committed 21296K, reserved 1067008K
  class space    used 2685K, capacity 2937K, committed 2944K, reserved 1048576K
Event: 3.887 GC heap after
Heap after GC invocations=4 (full 1):
 PSYoungGen      total 76288K, used 0K [0x000000076ab00000, 0x0000000774000000, 0x00000007c0000000)
  eden space 65536K, 0% used [0x000000076ab00000,0x000000076ab00000,0x000000076eb00000)
  from space 10752K, 0% used [0x000000076eb00000,0x000000076eb00000,0x000000076f580000)
  to   space 10752K, 0% used [0x0000000773580000,0x0000000773580000,0x0000000774000000)
 ParOldGen       total 101376K, used 7902K [0x00000006c0000000, 0x00000006c6300000, 0x000000076ab00000)
  object space 101376K, 7% used [0x00000006c0000000,0x00000006c07b7ba8,0x00000006c6300000)
 Metaspace       used 20136K, capacity 21268K, committed 21296K, reserved 1067008K
  class space    used 2685K, capacity 2937K, committed 2944K, reserved 1048576K
}
Event: 4.793 GC heap before
{Heap before GC invocations=5 (full 1):
 PSYoungGen      total 76288K, used 65536K [0x000000076ab00000, 0x0000000774000000, 0x00000007c0000000)
  eden space 65536K, 100% used [0x000000076ab00000,0x000000076eb00000,0x000000076eb00000)
  from space 10752K, 0% used [0x000000076eb00000,0x000000076eb00000,0x000000076f580000)
  to   space 10752K, 0% used [0x0000000773580000,0x0000000773580000,0x0000000774000000)
 ParOldGen       total 101376K, used 7902K [0x00000006c0000000, 0x00000006c6300000, 0x000000076ab00000)
  object space 101376K, 7% used [0x00000006c0000000,0x00000006c07b7ba8,0x00000006c6300000)
 Metaspace       used 24709K, capacity 26502K, committed 26752K, reserved 1073152K
  class space    used 3324K, capacity 3674K, committed 3712K, reserved 1048576K
Event: 4.812 GC heap after
Heap after GC invocations=5 (full 1):
 PSYoungGen      total 112640K, used 7386K [0x000000076ab00000, 0x0000000773d00000, 0x00000007c0000000)
  eden space 104960K, 0% used [0x000000076ab00000,0x000000076ab00000,0x0000000771180000)
  from space 7680K, 96% used [0x0000000773580000,0x0000000773cb6a80,0x0000000773d00000)
  to   space 10752K, 0% used [0x0000000772800000,0x0000000772800000,0x0000000773280000)
 ParOldGen       total 101376K, used 7910K [0x00000006c0000000, 0x00000006c6300000, 0x000000076ab00000)
  object space 101376K, 7% used [0x00000006c0000000,0x00000006c07b9ba8,0x00000006c6300000)
 Metaspace       used 24709K, capacity 26502K, committed 26752K, reserved 1073152K
  class space    used 3324K, capacity 3674K, committed 3712K, reserved 1048576K
}
Event: 6.076 GC heap before
{Heap before GC invocations=6 (full 1):
 PSYoungGen      total 112640K, used 112346K [0x000000076ab00000, 0x0000000773d00000, 0x00000007c0000000)
  eden space 104960K, 100% used [0x000000076ab00000,0x0000000771180000,0x0000000771180000)
  from space 7680K, 96% used [0x0000000773580000,0x0000000773cb6a80,0x0000000773d00000)
  to   space 10752K, 0% used [0x0000000772800000,0x0000000772800000,0x0000000773280000)
 ParOldGen       total 101376K, used 7910K [0x00000006c0000000, 0x00000006c6300000, 0x000000076ab00000)
  object space 101376K, 7% used [0x00000006c0000000,0x00000006c07b9ba8,0x00000006c6300000)
 Metaspace       used 28431K, capacity 30822K, committed 30976K, reserved 1075200K
  class space    used 3889K, capacity 4304K, committed 4352K, reserved 1048576K
Event: 6.094 GC heap after
Heap after GC invocations=6 (full 1):
 PSYoungGen      total 138752K, used 10733K [0x000000076ab00000, 0x0000000776b00000, 0x00000007c0000000)
  eden space 128000K, 0% used [0x000000076ab00000,0x000000076ab00000,0x0000000772800000)
  from space 10752K, 99% used [0x0000000772800000,0x000000077327b478,0x0000000773280000)
  to   space 14848K, 0% used [0x0000000775c80000,0x0000000775c80000,0x0000000776b00000)
 ParOldGen       total 101376K, used 10850K [0x00000006c0000000, 0x00000006c6300000, 0x000000076ab00000)
  object space 101376K, 10% used [0x00000006c0000000,0x00000006c0a989d0,0x00000006c6300000)
 Metaspace       used 28431K, capacity 30822K, committed 30976K, reserved 1075200K
  class space    used 3889K, capacity 4304K, committed 4352K, reserved 1048576K
}
Event: 318.691 GC heap before
{Heap before GC invocations=7 (full 1):
 PSYoungGen      total 138752K, used 98649K [0x000000076ab00000, 0x0000000776b00000, 0x00000007c0000000)
  eden space 128000K, 68% used [0x000000076ab00000,0x00000007700db290,0x0000000772800000)
  from space 10752K, 99% used [0x0000000772800000,0x000000077327b478,0x0000000773280000)
  to   space 14848K, 0% used [0x0000000775c80000,0x0000000775c80000,0x0000000776b00000)
 ParOldGen       total 101376K, used 10850K [0x00000006c0000000, 0x00000006c6300000, 0x000000076ab00000)
  object space 101376K, 10% used [0x00000006c0000000,0x00000006c0a989d0,0x00000006c6300000)
 Metaspace       used 32640K, capacity 35330K, committed 35456K, reserved 1079296K
  class space    used 4456K, capacity 4920K, committed 4992K, reserved 1048576K
Event: 318.709 GC heap after
Heap after GC invocations=7 (full 1):
 PSYoungGen      total 179200K, used 14847K [0x000000076ab00000, 0x0000000778a80000, 0x00000007c0000000)
  eden space 164352K, 0% used [0x000000076ab00000,0x000000076ab00000,0x0000000774b80000)
  from space 14848K, 99% used [0x0000000775c80000,0x0000000776affd80,0x0000000776b00000)
  to   space 17408K, 0% used [0x0000000774b80000,0x0000000774b80000,0x0000000775c80000)
 ParOldGen       total 101376K, used 11191K [0x00000006c0000000, 0x00000006c6300000, 0x000000076ab00000)
  object space 101376K, 11% used [0x00000006c0000000,0x00000006c0aeded0,0x00000006c6300000)
 Metaspace       used 32640K, capacity 35330K, committed 35456K, reserved 1079296K
  class space    used 4456K, capacity 4920K, committed 4992K, reserved 1048576K
}
Event: 318.709 GC heap before
{Heap before GC invocations=8 (full 2):
 PSYoungGen      total 179200K, used 14847K [0x000000076ab00000, 0x0000000778a80000, 0x00000007c0000000)
  eden space 164352K, 0% used [0x000000076ab00000,0x000000076ab00000,0x0000000774b80000)
  from space 14848K, 99% used [0x0000000775c80000,0x0000000776affd80,0x0000000776b00000)
  to   space 17408K, 0% used [0x0000000774b80000,0x0000000774b80000,0x0000000775c80000)
 ParOldGen       total 101376K, used 11191K [0x00000006c0000000, 0x00000006c6300000, 0x000000076ab00000)
  object space 101376K, 11% used [0x00000006c0000000,0x00000006c0aeded0,0x00000006c6300000)
 Metaspace       used 32640K, capacity 35330K, committed 35456K, reserved 1079296K
  class space    used 4456K, capacity 4920K, committed 4992K, reserved 1048576K
Event: 318.789 GC heap after
Heap after GC invocations=8 (full 2):
 PSYoungGen      total 179200K, used 0K [0x000000076ab00000, 0x0000000778a80000, 0x00000007c0000000)
  eden space 164352K, 0% used [0x000000076ab00000,0x000000076ab00000,0x0000000774b80000)
  from space 14848K, 0% used [0x0000000775c80000,0x0000000775c80000,0x0000000776b00000)
  to   space 17408K, 0% used [0x0000000774b80000,0x0000000774b80000,0x0000000775c80000)
 ParOldGen       total 144896K, used 20035K [0x00000006c0000000, 0x00000006c8d80000, 0x000000076ab00000)
  object space 144896K, 13% used [0x00000006c0000000,0x00000006c1390c18,0x00000006c8d80000)
 Metaspace       used 32640K, capacity 35330K, committed 35456K, reserved 1079296K
  class space    used 4456K, capacity 4920K, committed 4992K, reserved 1048576K
}

Deoptimization events (0 events):
No events

Classes redefined (0 events):
No events

Internal exceptions (10 events):
Event: 58.628 Thread 0x00007fa088922000 Exception <a 'java/lang/ArrayIndexOutOfBoundsException'> (0x000000076dd0ed60) thrown at [/jenkins/workspace/8-2-build-macosx-x86_64/jdk8u251/737/hotspot/src/share/vm/runtime/sharedRuntime.cpp, line 605]
Event: 58.628 Thread 0x00007fa088922000 Exception <a 'java/lang/ArrayIndexOutOfBoundsException'> (0x000000076dd108e0) thrown at [/jenkins/workspace/8-2-build-macosx-x86_64/jdk8u251/737/hotspot/src/share/vm/runtime/sharedRuntime.cpp, line 605]
Event: 58.628 Thread 0x00007fa088922000 Exception <a 'java/lang/ArrayIndexOutOfBoundsException'> (0x000000076dd12178) thrown at [/jenkins/workspace/8-2-build-macosx-x86_64/jdk8u251/737/hotspot/src/share/vm/runtime/sharedRuntime.cpp, line 605]
Event: 58.631 Thread 0x00007fa088922000 Exception <a 'java/lang/ArrayIndexOutOfBoundsException'> (0x000000076dd2f7d8) thrown at [/jenkins/workspace/8-2-build-macosx-x86_64/jdk8u251/737/hotspot/src/share/vm/runtime/sharedRuntime.cpp, line 605]
Event: 58.631 Thread 0x00007fa088922000 Exception <a 'java/lang/ArrayIndexOutOfBoundsException'> (0x000000076dd31358) thrown at [/jenkins/workspace/8-2-build-macosx-x86_64/jdk8u251/737/hotspot/src/share/vm/runtime/sharedRuntime.cpp, line 605]
Event: 58.631 Thread 0x00007fa088922000 Exception <a 'java/lang/ArrayIndexOutOfBoundsException'> (0x000000076dd32bf0) thrown at [/jenkins/workspace/8-2-build-macosx-x86_64/jdk8u251/737/hotspot/src/share/vm/runtime/sharedRuntime.cpp, line 605]
Event: 318.634 Thread 0x00007fa08919b800 Exception <a 'java/lang/ArrayIndexOutOfBoundsException'> (0x000000076fd53870) thrown at [/jenkins/workspace/8-2-build-macosx-x86_64/jdk8u251/737/hotspot/src/share/vm/runtime/sharedRuntime.cpp, line 605]
Event: 318.639 Thread 0x00007fa08919b800 Exception <a 'sun/nio/fs/UnixException'> (0x000000076fd7e158) thrown at [/jenkins/workspace/8-2-build-macosx-x86_64/jdk8u251/737/hotspot/src/share/vm/prims/jni.cpp, line 710]
Event: 318.667 Thread 0x00007fa08919b800 Exception <a 'java/io/FileNotFoundException'> (0x000000076fde8560) thrown at [/jenkins/workspace/8-2-build-macosx-x86_64/jdk8u251/737/hotspot/src/share/vm/prims/jni.cpp, line 710]
Event: 318.667 Thread 0x00007fa08919b800 Exception <a 'java/io/FileNotFoundException'> (0x000000076fde94c8) thrown at [/jenkins/workspace/8-2-build-macosx-x86_64/jdk8u251/737/hotspot/src/share/vm/prims/jni.cpp, line 710]

Events (10 events):
Event: 320.632 loading class sun/awt/image/ShortComponentRaster
Event: 320.632 loading class sun/awt/image/ShortComponentRaster done
Event: 320.632 loading class com/sun/imageio/plugins/common/ReaderUtil
Event: 320.632 loading class com/sun/imageio/plugins/common/ReaderUtil done
Event: 320.666 loading class javax/imageio/IIOImage
Event: 320.666 loading class javax/imageio/IIOImage done
Event: 320.678 loading class java/lang/StrictMath
Event: 320.678 loading class java/lang/StrictMath done
Event: 320.678 loading class com/sun/jna/Native$Buffers
Event: 320.678 loading class com/sun/jna/Native$Buffers done


Dynamic libraries:
0x00007fff34f2d000 	/System/Library/Frameworks/Cocoa.framework/Versions/A/Cocoa
0x00007fff22277000 	/System/Library/Frameworks/Security.framework/Versions/A/Security
0x00007fff33135000 	/System/Library/Frameworks/ApplicationServices.framework/Versions/A/ApplicationServices
0x00007fff2a4f9000 	/usr/lib/libz.1.dylib
0x00007fff2a5c1000 	/usr/lib/libSystem.B.dylib
0x00007fff20280000 	/usr/lib/libobjc.A.dylib
0x00007fff20460000 	/System/Library/Frameworks/CoreFoundation.framework/Versions/A/CoreFoundation
0x00007fff2120f000 	/System/Library/Frameworks/Foundation.framework/Versions/C/Foundation
0x00007fff22ca8000 	/System/Library/Frameworks/AppKit.framework/Versions/C/AppKit
0x00007fff25b6c000 	/System/Library/Frameworks/CoreData.framework/Versions/A/CoreData
0x00007fff239f4000 	/System/Library/PrivateFrameworks/UIFoundation.framework/Versions/A/UIFoundation
0x00007fff2fbef000 	/System/Library/PrivateFrameworks/RemoteViewServices.framework/Versions/A/RemoteViewServices
0x00007fff28a05000 	/System/Library/PrivateFrameworks/XCTTargetBootstrap.framework/Versions/A/XCTTargetBootstrap
0x00007fff2b6eb000 	/usr/lib/libspindump.dylib
0x00007fff23c43000 	/System/Library/Frameworks/UniformTypeIdentifiers.framework/Versions/A/UniformTypeIdentifiers
0x00007fff27209000 	/usr/lib/libapp_launch_measurement.dylib
0x00007fff2720c000 	/System/Library/PrivateFrameworks/CoreAutoLayout.framework/Versions/A/CoreAutoLayout
0x00007fff2836c000 	/System/Library/Frameworks/Metal.framework/Versions/A/Metal
0x00007fff29062000 	/usr/lib/liblangid.dylib
0x00007fff28a09000 	/System/Library/PrivateFrameworks/CoreSVG.framework/Versions/A/CoreSVG
0x00007fff24c83000 	/System/Library/PrivateFrameworks/SkyLight.framework/Versions/A/SkyLight
0x00007fff24fe9000 	/System/Library/Frameworks/CoreGraphics.framework/Versions/A/CoreGraphics
0x00007fff30116000 	/System/Library/Frameworks/Accelerate.framework/Versions/A/Accelerate
0x00007fff2b129000 	/System/Library/PrivateFrameworks/IconServices.framework/Versions/A/IconServices
0x00007fff28350000 	/System/Library/Frameworks/IOSurface.framework/Versions/A/IOSurface
0x00007fff264f4000 	/usr/lib/libDiagnosticMessagesClient.dylib
0x00007fff289f1000 	/System/Library/PrivateFrameworks/DFRFoundation.framework/Versions/A/DFRFoundation
0x00007fff225cf000 	/usr/lib/libicucore.A.dylib
0x00007fff2cc2e000 	/System/Library/Frameworks/AudioToolbox.framework/Versions/A/AudioToolbox
0x00007fff2beb6000 	/System/Library/PrivateFrameworks/DataDetectorsCore.framework/Versions/A/DataDetectorsCore
0x00007fff24bf6000 	/usr/lib/libMobileGestalt.dylib
0x00007fff286f5000 	/System/Library/Frameworks/Carbon.framework/Versions/A/Frameworks/HIToolbox.framework/Versions/A/HIToolbox
0x00007fff26c4e000 	/System/Library/Frameworks/QuartzCore.framework/Versions/A/QuartzCore
0x00007fff2fc27000 	/System/Library/Frameworks/Carbon.framework/Versions/A/Frameworks/SpeechRecognition.framework/Versions/A/SpeechRecognition
0x00007fff26f6e000 	/System/Library/PrivateFrameworks/CoreUI.framework/Versions/A/CoreUI
0x00007fff21be5000 	/System/Library/Frameworks/CoreAudio.framework/Versions/A/CoreAudio
0x00007fff265df000 	/System/Library/Frameworks/DiskArbitration.framework/Versions/A/DiskArbitration
0x00007fff2bab9000 	/System/Library/PrivateFrameworks/MultitouchSupport.framework/Versions/A/MultitouchSupport
0x00007fff2bead000 	/System/Library/PrivateFrameworks/InternationalSupport.framework/Versions/A/InternationalSupport
0x00007fff24bf5000 	/usr/lib/libenergytrace.dylib
0x00007fff22b9f000 	/System/Library/Frameworks/IOKit.framework/Versions/A/IOKit
0x00007fff2ff5a000 	/System/Library/Frameworks/CoreServices.framework/Versions/A/CoreServices
0x00007fff2719b000 	/System/Library/PrivateFrameworks/PerformanceAnalysis.framework/Versions/A/PerformanceAnalysis
0x00007fff6bac7000 	/System/Library/Frameworks/OpenGL.framework/Versions/A/OpenGL
0x00007fff2bf31000 	/System/Library/PrivateFrameworks/UserActivity.framework/Versions/A/UserActivity
0x00007fff25673000 	/System/Library/Frameworks/ColorSync.framework/Versions/A/ColorSync
0x00007fff28c70000 	/System/Library/Frameworks/CoreImage.framework/Versions/A/CoreImage
0x00007fff219ff000 	/System/Library/Frameworks/CoreText.framework/Versions/A/CoreText
0x00007fff28a33000 	/System/Library/Frameworks/ImageIO.framework/Versions/A/ImageIO
0x00007fff2a5c7000 	/System/Library/PrivateFrameworks/SoftLinking.framework/Versions/A/SoftLinking
0x00007fff27254000 	/usr/lib/libxml2.2.dylib
0x00007fff20346000 	/usr/lib/libc++.1.dylib
0x00007fff2a838000 	/usr/lib/libcompression.dylib
0x00007fff2bddf000 	/System/Library/PrivateFrameworks/TextureIO.framework/Versions/A/TextureIO
0x00007fff2ae67000 	/usr/lib/libate.dylib
0x00007fff2a5bb000 	/usr/lib/system/libcache.dylib
0x00007fff2a577000 	/usr/lib/system/libcommonCrypto.dylib
0x00007fff2a5a1000 	/usr/lib/system/libcompiler_rt.dylib
0x00007fff2a596000 	/usr/lib/system/libcopyfile.dylib
0x00007fff20170000 	/usr/lib/system/libcorecrypto.dylib
0x00007fff2023b000 	/usr/lib/system/libdispatch.dylib
0x00007fff203ee000 	/usr/lib/system/libdyld.dylib
0x00007fff2a5b2000 	/usr/lib/system/libkeymgr.dylib
0x00007fff2d9c5000 	/usr/lib/system/liblaunch.dylib
0x00007fff2a555000 	/usr/lib/system/libmacho.dylib
0x00007fff29d4d000 	/usr/lib/system/libquarantine.dylib
0x00007fff2a5af000 	/usr/lib/system/libremovefile.dylib
0x00007fff24c53000 	/usr/lib/system/libsystem_asl.dylib
0x00007fff20120000 	/usr/lib/system/libsystem_blocks.dylib
0x00007fff202bd000 	/usr/lib/system/libsystem_c.dylib
0x00007fff2a5a9000 	/usr/lib/system/libsystem_collections.dylib
0x00007fff29053000 	/usr/lib/system/libsystem_configuration.dylib
0x00007fff2833f000 	/usr/lib/system/libsystem_containermanager.dylib
0x00007fff2a2f8000 	/usr/lib/system/libsystem_coreservices.dylib
0x00007fff2282f000 	/usr/lib/system/libsystem_darwin.dylib
0x00007fff2a5b3000 	/usr/lib/system/libsystem_dnssd.dylib
0x00007fff202ba000 	/usr/lib/system/libsystem_featureflags.dylib
0x00007fff20434000 	/usr/lib/system/libsystem_info.dylib
0x00007fff2a50c000 	/usr/lib/system/libsystem_m.dylib
0x00007fff2020e000 	/usr/lib/system/libsystem_malloc.dylib
0x00007fff24be6000 	/usr/lib/system/libsystem_networkextension.dylib
0x00007fff22c4e000 	/usr/lib/system/libsystem_notify.dylib
0x00007fff2fe5c000 	/usr/lib/system/libsystem_product_info_filter.dylib
0x00007fff29057000 	/usr/lib/system/libsystem_sandbox.dylib
0x00007fff2a5ac000 	/usr/lib/system/libsystem_secinit.dylib
0x00007fff203b2000 	/usr/lib/system/libsystem_kernel.dylib
0x00007fff2042a000 	/usr/lib/system/libsystem_platform.dylib
0x00007fff203e2000 	/usr/lib/system/libsystem_pthread.dylib
0x00007fff26330000 	/usr/lib/system/libsystem_symptoms.dylib
0x00007fff20158000 	/usr/lib/system/libsystem_trace.dylib
0x00007fff2a583000 	/usr/lib/system/libunwind.dylib
0x00007fff20122000 	/usr/lib/system/libxpc.dylib
0x00007fff2039c000 	/usr/lib/libc++abi.dylib
0x00007fff2a58e000 	/usr/lib/liboah.dylib
0x00007fff2ac4c000 	/usr/lib/liblzma.5.dylib
0x00007fff20f23000 	/System/Library/Frameworks/SystemConfiguration.framework/Versions/A/SystemConfiguration
0x00007fff2a5c3000 	/usr/lib/libfakelink.dylib
0x00007fff24747000 	/System/Library/Frameworks/CFNetwork.framework/Versions/A/CFNetwork
0x00007fff2a703000 	/usr/lib/libarchive.2.dylib
0x00007fff20fa1000 	/usr/lib/libCRFSuite.dylib
0x00007fff29d74000 	/usr/lib/libbsm.0.dylib
0x00007fff240c0000 	/usr/lib/libnetwork.dylib
0x00007fff2a5c8000 	/usr/lib/libpcap.A.dylib
0x00007fff26329000 	/usr/lib/libdns_services.dylib
0x00007fff2ac65000 	/usr/lib/libcoretls_cfhelpers.dylib
0x00007fff2a802000 	/usr/lib/libapple_nghttp2.dylib
0x00007fff2a55b000 	/usr/lib/system/libkxld.dylib
0x00007fff25fa2000 	/usr/lib/libsqlite3.dylib
0x00007fff2a2db000 	/System/Library/PrivateFrameworks/AppleFSCompression.framework/Versions/A/AppleFSCompression
0x00007fff29d5c000 	/usr/lib/libcoretls.dylib
0x00007fff2a833000 	/usr/lib/libpam.2.dylib
0x00007fff2ad63000 	/usr/lib/libxar.1.dylib
0x00007fff2905e000 	/System/Library/PrivateFrameworks/AppleSystemInfo.framework/Versions/A/AppleSystemInfo
0x00007fff2999e000 	/System/Library/PrivateFrameworks/IOMobileFramebuffer.framework/Versions/A/IOMobileFramebuffer
0x00007fff2a2eb000 	/usr/lib/libbz2.1.0.dylib
0x00007fff2a600000 	/usr/lib/libiconv.2.dylib
0x00007fff2a554000 	/usr/lib/libcharset.1.dylib
0x00007fff271d7000 	/System/Library/Frameworks/CoreServices.framework/Versions/A/Frameworks/FSEvents.framework/Versions/A/FSEvents
0x00007fff22839000 	/System/Library/Frameworks/CoreServices.framework/Versions/A/Frameworks/CarbonCore.framework/Versions/A/CarbonCore
0x00007fff26544000 	/System/Library/Frameworks/CoreServices.framework/Versions/A/Frameworks/Metadata.framework/Versions/A/Metadata
0x00007fff2a2fd000 	/System/Library/Frameworks/CoreServices.framework/Versions/A/Frameworks/OSServices.framework/Versions/A/OSServices
0x00007fff2a775000 	/System/Library/Frameworks/CoreServices.framework/Versions/A/Frameworks/SearchKit.framework/Versions/A/SearchKit
0x00007fff262b4000 	/System/Library/Frameworks/CoreServices.framework/Versions/A/Frameworks/AE.framework/Versions/A/AE
0x00007fff208fe000 	/System/Library/Frameworks/CoreServices.framework/Versions/A/Frameworks/LaunchServices.framework/Versions/A/LaunchServices
0x00007fff2abfc000 	/System/Library/Frameworks/CoreServices.framework/Versions/A/Frameworks/DictionaryServices.framework/Versions/A/DictionaryServices
0x00007fff271e4000 	/System/Library/Frameworks/CoreServices.framework/Versions/A/Frameworks/SharedFileList.framework/Versions/A/SharedFileList
0x00007fff29d50000 	/usr/lib/libCheckFix.dylib
0x00007fff24c6a000 	/System/Library/PrivateFrameworks/TCC.framework/Versions/A/TCC
0x00007fff29064000 	/System/Library/PrivateFrameworks/CoreNLP.framework/Versions/A/CoreNLP
0x00007fff264f7000 	/System/Library/PrivateFrameworks/MetadataUtilities.framework/Versions/A/MetadataUtilities
0x00007fff20fd6000 	/usr/lib/libmecabra.dylib
0x00007fff2a05a000 	/System/Library/Frameworks/MLCompute.framework/Versions/A/MLCompute
0x00007fff29d85000 	/usr/lib/libmecab.dylib
0x00007fff29dcf000 	/usr/lib/libgermantok.dylib
0x00007fff2a7dd000 	/usr/lib/libThaiTokenizer.dylib
0x00007fff2ad9e000 	/usr/lib/libChineseTokenizer.dylib
0x00007fff2a831000 	/System/Library/Frameworks/MetalPerformanceShaders.framework/Versions/A/MetalPerformanceShaders
0x00007fff265e6000 	/System/Library/Frameworks/Accelerate.framework/Versions/A/Frameworks/vImage.framework/Versions/A/vImage
0x00007fff2ff34000 	/System/Library/Frameworks/Accelerate.framework/Versions/A/Frameworks/vecLib.framework/Versions/A/vecLib
0x00007fff2ada9000 	/System/Library/Frameworks/Accelerate.framework/Versions/A/Frameworks/vecLib.framework/Versions/A/libvMisc.dylib
0x00007fff297b9000 	/System/Library/Frameworks/Accelerate.framework/Versions/A/Frameworks/vecLib.framework/Versions/A/libvDSP.dylib
0x00007fff20c09000 	/System/Library/Frameworks/Accelerate.framework/Versions/A/Frameworks/vecLib.framework/Versions/A/libBLAS.dylib
0x00007fff2a85e000 	/System/Library/Frameworks/Accelerate.framework/Versions/A/Frameworks/vecLib.framework/Versions/A/libLAPACK.dylib
0x00007fff29dd5000 	/System/Library/Frameworks/Accelerate.framework/Versions/A/Frameworks/vecLib.framework/Versions/A/libLinearAlgebra.dylib
0x00007fff2a81a000 	/System/Library/Frameworks/Accelerate.framework/Versions/A/Frameworks/vecLib.framework/Versions/A/libSparseBLAS.dylib
0x00007fff2a858000 	/System/Library/Frameworks/Accelerate.framework/Versions/A/Frameworks/vecLib.framework/Versions/A/libQuadrature.dylib
0x00007fff29110000 	/System/Library/Frameworks/Accelerate.framework/Versions/A/Frameworks/vecLib.framework/Versions/A/libBNNS.dylib
0x00007fff20eb4000 	/System/Library/Frameworks/Accelerate.framework/Versions/A/Frameworks/vecLib.framework/Versions/A/libSparse.dylib
0x00007fff28fec000 	/System/Library/Frameworks/MetalPerformanceShaders.framework/Versions/A/Frameworks/MPSCore.framework/Versions/A/MPSCore
0x00007fff2a24a000 	/System/Library/Frameworks/MetalPerformanceShaders.framework/Versions/A/Frameworks/MPSImage.framework/Versions/A/MPSImage
0x00007fff29deb000 	/System/Library/Frameworks/MetalPerformanceShaders.framework/Versions/A/Frameworks/MPSNeuralNetwork.framework/Versions/A/MPSNeuralNetwork
0x00007fff2a1bc000 	/System/Library/Frameworks/MetalPerformanceShaders.framework/Versions/A/Frameworks/MPSMatrix.framework/Versions/A/MPSMatrix
0x00007fff2a00a000 	/System/Library/Frameworks/MetalPerformanceShaders.framework/Versions/A/Frameworks/MPSRayIntersector.framework/Versions/A/MPSRayIntersector
0x00007fff2a1f3000 	/System/Library/Frameworks/MetalPerformanceShaders.framework/Versions/A/Frameworks/MPSNDArray.framework/Versions/A/MPSNDArray
0x00007fff20b34000 	/System/Library/PrivateFrameworks/MetalTools.framework/Versions/A/MetalTools
0x00007fff2905c000 	/System/Library/PrivateFrameworks/AggregateDictionary.framework/Versions/A/AggregateDictionary
0x00007fff264c4000 	/System/Library/PrivateFrameworks/CoreAnalytics.framework/Versions/A/CoreAnalytics
0x00007fff2a7df000 	/System/Library/PrivateFrameworks/AppleSauce.framework/Versions/A/AppleSauce
0x00007fff28362000 	/System/Library/PrivateFrameworks/IOAccelerator.framework/Versions/A/IOAccelerator
0x00007fff6babb000 	/System/Library/Frameworks/OpenGL.framework/Versions/A/Libraries/libCoreFSCache.dylib
0x00007fff2156e000 	/System/Library/PrivateFrameworks/LanguageModeling.framework/Versions/A/LanguageModeling
0x00007fff2998c000 	/System/Library/PrivateFrameworks/CoreEmoji.framework/Versions/A/CoreEmoji
0x00007fff29109000 	/System/Library/PrivateFrameworks/LinguisticData.framework/Versions/A/LinguisticData
0x00007fff20e66000 	/System/Library/PrivateFrameworks/Lexicon.framework/Versions/A/Lexicon
0x00007fff2a6f1000 	/usr/lib/libcmph.dylib
0x00007fff271b7000 	/System/Library/Frameworks/OpenDirectory.framework/Versions/A/Frameworks/CFOpenDirectory.framework/Versions/A/CFOpenDirectory
0x00007fff271a7000 	/System/Library/Frameworks/OpenDirectory.framework/Versions/A/OpenDirectory
0x00007fff2ac67000 	/System/Library/PrivateFrameworks/APFS.framework/Versions/A/APFS
0x00007fff29cb2000 	/System/Library/Frameworks/SecurityFoundation.framework/Versions/A/SecurityFoundation
0x00007fff2ad71000 	/usr/lib/libutil.dylib
0x00007fff22b64000 	/System/Library/PrivateFrameworks/CoreServicesStore.framework/Versions/A/CoreServicesStore
0x00007fff29d48000 	/System/Library/Frameworks/ServiceManagement.framework/Versions/A/ServiceManagement
0x00007fff2ad75000 	/usr/lib/libxslt.1.dylib
0x00007fff29d3e000 	/System/Library/PrivateFrameworks/BackgroundTaskManagement.framework/Versions/A/BackgroundTaskManagement
0x00007fff2bd29000 	/System/Library/Frameworks/ImageIO.framework/Versions/A/Resources/libRadiance.dylib
0x00007fff2bd33000 	/System/Library/Frameworks/ImageIO.framework/Versions/A/Resources/libJPEG.dylib
0x00007fff2bc83000 	/System/Library/Frameworks/ImageIO.framework/Versions/A/Resources/libPng.dylib
0x00007fff2bca4000 	/System/Library/Frameworks/ImageIO.framework/Versions/A/Resources/libTIFF.dylib
0x00007fff2bd88000 	/System/Library/Frameworks/ImageIO.framework/Versions/A/Resources/libGIF.dylib
0x00007fff2b9d5000 	/System/Library/Frameworks/ImageIO.framework/Versions/A/Resources/libJP2.dylib
0x00007fff2b0f0000 	/usr/lib/libexpat.1.dylib
0x00007fff2b98b000 	/System/Library/PrivateFrameworks/AppleJPEG.framework/Versions/A/AppleJPEG
0x00007fff28598000 	/System/Library/PrivateFrameworks/FontServices.framework/libFontParser.dylib
0x00007fff2626b000 	/System/Library/PrivateFrameworks/RunningBoardServices.framework/Versions/A/RunningBoardServices
0x00007fff2bab5000 	/System/Library/PrivateFrameworks/WatchdogClient.framework/Versions/A/WatchdogClient
0x00007fff21657000 	/System/Library/Frameworks/CoreDisplay.framework/Versions/A/CoreDisplay
0x00007fff284ad000 	/System/Library/Frameworks/CoreMedia.framework/Versions/A/CoreMedia
0x00007fff27337000 	/System/Library/Frameworks/CoreVideo.framework/Versions/A/CoreVideo
0x00007fff2baf0000 	/System/Library/Frameworks/VideoToolbox.framework/Versions/A/VideoToolbox
0x00007fff261eb000 	/System/Library/PrivateFrameworks/BaseBoard.framework/Versions/A/BaseBoard
0x00007fff2b235000 	/System/Library/PrivateFrameworks/PersistentConnection.framework/Versions/A/PersistentConnection
0x00007fff25f8c000 	/System/Library/PrivateFrameworks/ProtocolBuffer.framework/Versions/A/ProtocolBuffer
0x00007fff261d3000 	/System/Library/PrivateFrameworks/CommonUtilities.framework/Versions/A/CommonUtilities
0x00007fff2b94e000 	/System/Library/PrivateFrameworks/Bom.framework/Versions/A/Bom
0x00007fff2bd21000 	/System/Library/PrivateFrameworks/GPUWrangler.framework/Versions/A/GPUWrangler
0x00007fff2bd04000 	/System/Library/PrivateFrameworks/IOPresentment.framework/Versions/A/IOPresentment
0x00007fff2bd2d000 	/System/Library/PrivateFrameworks/DSExternalDisplay.framework/Versions/A/DSExternalDisplay
0x00007fff2bd8d000 	/System/Library/PrivateFrameworks/CMCaptureCore.framework/Versions/A/CMCaptureCore
0x00007fff2b6d1000 	/System/Library/PrivateFrameworks/AppServerSupport.framework/Versions/A/AppServerSupport
0x00007fff2d768000 	/System/Library/PrivateFrameworks/perfdata.framework/Versions/A/perfdata
0x00007fff29ca1000 	/System/Library/PrivateFrameworks/AssertionServices.framework/Versions/A/AssertionServices
0x00007fff2178e000 	/System/Library/PrivateFrameworks/AudioToolboxCore.framework/Versions/A/AudioToolboxCore
0x00007fff28490000 	/System/Library/PrivateFrameworks/caulk.framework/Versions/A/caulk
0x00007fff3cc14000 	/System/Library/PrivateFrameworks/SystemPolicy.framework/Versions/A/SystemPolicy
0x00007fff2aeff000 	/usr/lib/libIOReport.dylib
0x00007fff2cfa4000 	/usr/lib/libSMC.dylib
0x00007fff2bc4f000 	/usr/lib/libAudioToolboxUtility.dylib
0x00007fff3d571000 	/usr/lib/libmis.dylib
0x00007fff6bb17000 	/System/Library/Frameworks/OpenGL.framework/Versions/A/Libraries/libGLU.dylib
0x00007fff6bada000 	/System/Library/Frameworks/OpenGL.framework/Versions/A/Libraries/libGFXShared.dylib
0x00007fff6bce8000 	/System/Library/Frameworks/OpenGL.framework/Versions/A/Libraries/libGL.dylib
0x00007fff6bae3000 	/System/Library/Frameworks/OpenGL.framework/Versions/A/Libraries/libGLImage.dylib
0x00007fff6bad7000 	/System/Library/Frameworks/OpenGL.framework/Versions/A/Libraries/libCVMSPluginSupport.dylib
0x00007fff6bac2000 	/System/Library/Frameworks/OpenGL.framework/Versions/A/Libraries/libCoreVMClient.dylib
0x00007fff6d132000 	/System/Library/Frameworks/OpenCL.framework/Versions/A/OpenCL
0x00007fff2b25e000 	/System/Library/PrivateFrameworks/GraphVisualizer.framework/Versions/A/GraphVisualizer
0x00007fff2b26d000 	/System/Library/PrivateFrameworks/FaceCore.framework/Versions/A/FaceCore
0x00007fff2b689000 	/System/Library/PrivateFrameworks/OTSVG.framework/Versions/A/OTSVG
0x00007fff26f2c000 	/System/Library/Frameworks/ApplicationServices.framework/Versions/A/Frameworks/ATS.framework/Versions/A/Resources/libFontRegistry.dylib
0x00007fff2b6d8000 	/System/Library/PrivateFrameworks/FontServices.framework/libhvf.dylib
0x00007fff2b09c000 	/System/Library/PrivateFrameworks/AppleVA.framework/Versions/A/AppleVA
0x00007fff2cdec000 	/System/Library/Frameworks/ApplicationServices.framework/Versions/A/Frameworks/ATS.framework/Versions/A/ATS
0x00007fff2d0ff000 	/System/Library/Frameworks/ApplicationServices.framework/Versions/A/Frameworks/ColorSyncLegacy.framework/Versions/A/ColorSyncLegacy
0x00007fff2576a000 	/System/Library/Frameworks/ApplicationServices.framework/Versions/A/Frameworks/HIServices.framework/Versions/A/HIServices
0x00007fff2d0e4000 	/System/Library/Frameworks/ApplicationServices.framework/Versions/A/Frameworks/LangAnalysis.framework/Versions/A/LangAnalysis
0x00007fff2bd97000 	/System/Library/Frameworks/ApplicationServices.framework/Versions/A/Frameworks/PrintCore.framework/Versions/A/PrintCore
0x00007fff2d107000 	/System/Library/Frameworks/ApplicationServices.framework/Versions/A/Frameworks/QD.framework/Versions/A/QD
0x00007fff2cddc000 	/System/Library/Frameworks/ApplicationServices.framework/Versions/A/Frameworks/SpeechSynthesis.framework/Versions/A/SpeechSynthesis
0x00007fff2bd58000 	/System/Library/Frameworks/ApplicationServices.framework/Versions/A/Frameworks/ATSUI.framework/Versions/A/ATSUI
0x00007fff2d084000 	/usr/lib/libcups.2.dylib
0x00007fff2d0f4000 	/System/Library/PrivateFrameworks/NetAuth.framework/Versions/A/NetAuth
0x00007fff2d783000 	/System/Library/Frameworks/Kerberos.framework/Versions/A/Kerberos
0x00007fff2d793000 	/System/Library/Frameworks/GSS.framework/Versions/A/GSS
0x00007fff2ce59000 	/usr/lib/libresolv.9.dylib
0x00007fff2b6ee000 	/System/Library/PrivateFrameworks/Heimdal.framework/Versions/A/Heimdal
0x00007fff3344a000 	/System/Library/Frameworks/Kerberos.framework/Versions/A/Libraries/libHeimdalProxy.dylib
0x00007fff26338000 	/System/Library/Frameworks/Network.framework/Versions/A/Network
0x00007fff2b10a000 	/usr/lib/libheimdal-asn1.dylib
0x00007fff2d7e4000 	/System/Library/PrivateFrameworks/CommonAuth.framework/Versions/A/CommonAuth
0x00007fff27385000 	/System/Library/PrivateFrameworks/login.framework/Versions/A/Frameworks/loginsupport.framework/Versions/A/loginsupport
0x00007fff2cd63000 	/System/Library/PrivateFrameworks/AudioSession.framework/Versions/A/AudioSession
0x00007fff2cdc9000 	/usr/lib/libAudioStatistics.dylib
0x00007fff2b196000 	/System/Library/PrivateFrameworks/MediaExperience.framework/Versions/A/MediaExperience
0x00007fff2cbfc000 	/System/Library/PrivateFrameworks/AudioSession.framework/libSessionUtility.dylib
0x00007fff2d774000 	/usr/lib/libperfcheck.dylib
0x00007fff2d113000 	/System/Library/PrivateFrameworks/AudioResourceArbitration.framework/Versions/A/AudioResourceArbitration
0x00007fff2b114000 	/System/Library/PrivateFrameworks/IconFoundation.framework/Versions/A/IconFoundation
0x00007fff2fc17000 	/System/Library/PrivateFrameworks/SpeechRecognitionCore.framework/Versions/A/SpeechRecognitionCore
0x000000010c000000 	/Library/Java/JavaVirtualMachines/jdk1.8.0_251.jdk/Contents/Home/jre/lib/server/libjvm.dylib
0x00007fff78084000 	/usr/lib/libstdc++.6.dylib
0x0000000107883000 	/Library/Java/JavaVirtualMachines/jdk1.8.0_251.jdk/Contents/Home/jre/lib/libverify.dylib
0x0000000107891000 	/Library/Java/JavaVirtualMachines/jdk1.8.0_251.jdk/Contents/Home/jre/lib/libjava.dylib
0x0000000107911000 	/Library/Java/JavaVirtualMachines/jdk1.8.0_251.jdk/Contents/Home/jre/lib/libzip.dylib
0x0000000111023000 	/Library/Java/JavaVirtualMachines/jdk1.8.0_251.jdk/Contents/Home/jre/lib/libnio.dylib
0x0000000111033000 	/Library/Java/JavaVirtualMachines/jdk1.8.0_251.jdk/Contents/Home/jre/lib/libnet.dylib
0x000000011104a000 	/Library/Java/JavaVirtualMachines/jdk1.8.0_251.jdk/Contents/Home/jre/lib/libmanagement.dylib
0x000000011249b000 	/Library/Java/JavaVirtualMachines/jdk1.8.0_251.jdk/Contents/Home/jre/lib/libawt.dylib
0x0000000112544000 	/Library/Java/JavaVirtualMachines/jdk1.8.0_251.jdk/Contents/Home/jre/lib/libmlib_image.dylib
0x00007fff6ea6b000 	/System/Library/Frameworks/JavaNativeFoundation.framework/Versions/A/JavaNativeFoundation
0x00007fff6ea77000 	/System/Library/Frameworks/JavaRuntimeSupport.framework/Versions/A/JavaRuntimeSupport
0x00007fff3c95e000 	/System/Library/Frameworks/Carbon.framework/Versions/A/Carbon
0x00007fff31a88000 	/System/Library/PrivateFrameworks/CoreSymbolication.framework/Versions/A/CoreSymbolication
0x00007fff363f5000 	/System/Library/Frameworks/Carbon.framework/Versions/A/Frameworks/CommonPanels.framework/Versions/A/CommonPanels
0x00007fff32edf000 	/System/Library/Frameworks/Carbon.framework/Versions/A/Frameworks/Help.framework/Versions/A/Help
0x00007fff363f9000 	/System/Library/Frameworks/Carbon.framework/Versions/A/Frameworks/ImageCapture.framework/Versions/A/ImageCapture
0x00007fff363c9000 	/System/Library/Frameworks/Carbon.framework/Versions/A/Frameworks/OpenScripting.framework/Versions/A/OpenScripting
0x00007fff363f1000 	/System/Library/Frameworks/Carbon.framework/Versions/A/Frameworks/Ink.framework/Versions/A/Ink
0x00007fff3c95a000 	/System/Library/Frameworks/Carbon.framework/Versions/A/Frameworks/Print.framework/Versions/A/Print
0x00007fff363ed000 	/System/Library/Frameworks/Carbon.framework/Versions/A/Frameworks/SecurityHI.framework/Versions/A/SecurityHI
0x00007fff31a4c000 	/System/Library/PrivateFrameworks/DebugSymbols.framework/Versions/A/DebugSymbols
0x0000000112610000 	/Library/Java/JavaVirtualMachines/jdk1.8.0_251.jdk/Contents/Home/jre/lib/libawt_lwawt.dylib
0x00000001126cb000 	/Library/Java/JavaVirtualMachines/jdk1.8.0_251.jdk/Contents/Home/jre/lib/libosxapp.dylib
0x00007fff3bf75000 	/System/Library/Frameworks/ExceptionHandling.framework/Versions/A/ExceptionHandling
0x00000001128e7000 	/Users/domingos.fernando/Library/Caches/JNA/temp/jna9174356414817863132.tmp
0x00007fff6ea7f000 	/System/Library/Frameworks/JavaVM.framework/Versions/A/JavaVM
0x00000001128fd000 	/usr/local/Cellar/tesseract/4.1.3/lib/libtesseract.4.dylib
0x0000000112b7d000 	/usr/local/opt/leptonica/lib/liblept.5.dylib
0x00007fff32ef7000 	/usr/lib/libcurl.4.dylib
0x0000000112d9d000 	/usr/local/opt/libpng/lib/libpng16.16.dylib
0x0000000112dc9000 	/usr/local/opt/jpeg/lib/libjpeg.9.dylib
0x0000000112dfe000 	/usr/local/opt/giflib/lib/libgif.dylib
0x0000000112e12000 	/usr/local/opt/libtiff/lib/libtiff.5.dylib
0x0000000112e8a000 	/usr/local/opt/webp/lib/libwebpmux.3.dylib
0x0000000112e9e000 	/usr/local/opt/webp/lib/libwebp.7.dylib
0x0000000112f06000 	/usr/local/opt/openjpeg/lib/libopenjp2.7.dylib
0x00007fff32c57000 	/usr/lib/libcrypto.44.dylib
0x00007fff32d5d000 	/usr/lib/libssl.46.dylib
0x00007fff32c1d000 	/System/Library/Frameworks/LDAP.framework/Versions/A/LDAP
0x00007fff32c55000 	/System/Library/PrivateFrameworks/TrustEvaluationAgent.framework/Versions/A/TrustEvaluationAgent
0x00007fff2ce72000 	/usr/lib/libsasl2.2.dylib
0x00007fff30188000 	/System/Library/PrivateFrameworks/CoreDaemon.framework/Versions/B/CoreDaemon
0x00007fff30183000 	/System/Library/PrivateFrameworks/AppleSRP.framework/Versions/A/AppleSRP

VM Arguments:
jvm_args: -Xverify:none -XX:TieredStopAtLevel=1 -Xverify:none -XX:TieredStopAtLevel=1 
java_command: dev.unbracket.dmf.utors.UtorsApplication
java_class_path (initial): /Users/domingos.fernando/NetBeansProjects/PERSONAL/UTORS/target/classes:/Users/domingos.fernando/.m2/repository/com/fasterxml/jackson/datatype/jackson-datatype-jdk8/2.13.0/jackson-datatype-jdk8-2.13.0.jar:/Users/domingos.fernando/.m2/repository/com/fasterxml/jackson/datatype/jackson-datatype-jsr310/2.13.0/jackson-datatype-jsr310-2.13.0.jar:/Users/domingos.fernando/.m2/repository/com/fasterxml/jackson/module/jackson-module-parameter-names/2.13.0/jackson-module-parameter-names-2.13.0.jar:/Users/domingos.fernando/.m2/repository/org/apache/tomcat/embed/tomcat-embed-core/9.0.55/tomcat-embed-core-9.0.55.jar:/Users/domingos.fernando/.m2/repository/org/apache/tomcat/embed/tomcat-embed-el/9.0.55/tomcat-embed-el-9.0.55.jar:/Users/domingos.fernando/.m2/repository/org/apache/tomcat/embed/tomcat-embed-websocket/9.0.55/tomcat-embed-websocket-9.0.55.jar:/Users/domingos.fernando/.m2/repository/org/springframework/spring-web/5.3.13/spring-web-5.3.13.jar:/Users/domingos.fernando/.m2/repository/org/springframework/spring-beans/5.3.13/spring-beans-5.3.13.jar:/Users/domingos.fernando/.m2/repository/org/springframework/spring-webmvc/5.3.13/spring-webmvc-5.3.13.jar:/Users/domingos.fernando/.m2/repository/org/springframework/spring-aop/5.3.13/spring-aop-5.3.13.jar:/Users/domingos.fernando/.m2/repository/org/springframework/spring-expression/5.3.13/spring-expression-5.3.13.jar:/Users/domingos.fernando/.m2/repository/org/springframework/data/spring-data-rest-webmvc/3.6.0/spring-data-rest-webmvc-3.6.0.jar:/Users/domingos.fernando/.m2/repository/org/springframework/data/spring-data-rest-core/3.6.0/spring-data-rest-core-3.6.0.jar:/Users/domingos.fernando/.m2/repository/org/springframework/spring-tx/5.3.13/spring-tx-5.3.13.jar:/Users/domingos.fernando/.m2/repository/org/springframework/hateoas/spring-hateoas/1.4.0/spring-hateoas-1.4.0.jar:/Users/domingos.fernando/.m2/repository/org/springframework/data/spring-data-commons/2.6.0/spring-data-commons-2.6.0.jar:/Users/do
Launcher Type: SUN_STANDARD

Environment Variables:
JAVA_HOME=/Library/Java/JavaVirtualMachines/jdk1.8.0_251.jdk/Contents/Home
PATH=/usr/bin:/bin:/usr/sbin:/sbin
SHELL=/bin/zsh
DISPLAY=/private/tmp/com.apple.launchd.z8CzraMvKI/org.macosforge.xquartz:0

Signal Handlers:
SIGSEGV: [libjvm.dylib+0x5bc2ff], sa_mask[0]=11111111011111110111111111111111, sa_flags=SA_ONSTACK|SA_RESTART|SA_SIGINFO
SIGBUS: [libjvm.dylib+0x5bc2ff], sa_mask[0]=11111111011111110111111111111111, sa_flags=SA_RESTART|SA_SIGINFO
SIGFPE: [libjvm.dylib+0x48d41c], sa_mask[0]=11111111011111110111111111111111, sa_flags=SA_RESTART|SA_SIGINFO
SIGPIPE: [libjvm.dylib+0x48d41c], sa_mask[0]=11111111011111110111111111111111, sa_flags=SA_RESTART|SA_SIGINFO
SIGXFSZ: [libjvm.dylib+0x48d41c], sa_mask[0]=11111111011111110111111111111111, sa_flags=SA_RESTART|SA_SIGINFO
SIGILL: [libjvm.dylib+0x48d41c], sa_mask[0]=11111111011111110111111111111111, sa_flags=SA_RESTART|SA_SIGINFO
SIGUSR1: SIG_DFL, sa_mask[0]=00000000000000000000000000000000, sa_flags=none
SIGUSR2: [libjvm.dylib+0x48cf3a], sa_mask[0]=00100000000000000000000000000000, sa_flags=SA_RESTART|SA_SIGINFO
SIGHUP: [libjvm.dylib+0x48b4c5], sa_mask[0]=11111111011111110111111111111111, sa_flags=SA_RESTART|SA_SIGINFO
SIGINT: SIG_IGN, sa_mask[0]=00000000000000000000000000000000, sa_flags=none
SIGTERM: [libjvm.dylib+0x48b4c5], sa_mask[0]=11111111011111110111111111111111, sa_flags=SA_RESTART|SA_SIGINFO
SIGQUIT: [libjvm.dylib+0x48b4c5], sa_mask[0]=11111111011111110111111111111111, sa_flags=SA_RESTART|SA_SIGINFO


---------------  S Y S T E M  ---------------

OS:Bsduname:Darwin 20.6.0 Darwin Kernel Version 20.6.0: Tue Oct 12 18:33:42 PDT 2021; root:xnu-7195.141.8~1/RELEASE_X86_64 x86_64
rlimit: STACK 8192k, CORE 0k, NPROC 2784, NOFILE 10240, AS infinity
load average:5.80 9.89 9.72

CPU:total 8 (initial active 8) (4 cores per cpu, 2 threads per core) family 6 model 70 stepping 1, cmov, cx8, fxsr, mmx, sse, sse2, sse3, ssse3, sse4.1, sse4.2, popcnt, avx, avx2, aes, clmul, erms, lzcnt, ht, tsc, tscinvbit, bmi1, bmi2

Memory: 4k page, physical 16777216k(335264k free)

/proc/meminfo:


vm_info: Java HotSpot(TM) 64-Bit Server VM (25.251-b08) for bsd-amd64 JRE (1.8.0_251-b08), built on Mar 12 2020 02:36:37 by "java_re" with gcc 4.2.1 (Based on Apple Inc. build 5658) (LLVM build 2336.11.00)

time: Thu Dec  2 12:36:26 2021
timezone: WAT
elapsed time: 320 seconds (0d 0h 5m 20s)

